[f_p1 >= 0,
 f_p2 >= 0,
 f_p3 >= 0,
 p1_f >= 0,
 p2_f >= 0,
 p3_f >= 0,
 l0 >= 0,
 Exists(l0,
        And(Implies(l0 >= 0,
                    And(1 + l0*(f_p1 - p1_f) >= 1,
                        1 + l0*(f_p2 - p2_f) >= 0,
                        0 + l0*(f_p3 - p3_f) >= 0)))),
 l1 >= 0,
 Exists(l1,
        And(Implies(l1 >= 0,
                    And(1 + l1*(f_p1 - p1_f) >= 0,
                        1 + l1*(f_p2 - p2_f) >= 0,
                        0 + l1*(f_p3 - p3_f) >= 1)))),
 l2 >= 0,
 Exists(l2,
        And(Implies(l2 >= 0,
                    And(0 + l2*(f_p1 - p1_f) >= 0,
                        2 + l2*(f_p2 - p2_f) >= 2,
                        0 + l2*(f_p3 - p3_f) >= 0)))),
 l3 >= 0,
 Exists(l3,
        And(Implies(l3 >= 0,
                    And(0 + l3*(f_p1 - p1_f) >= 0,
                        2 + l3*(f_p2 - p2_f) >= 0,
                        0 + l3*(f_p3 - p3_f) >= 1)))),
 l4 >= 0,
 Exists(l4,
        And(Implies(l4 >= 0,
                    And(1 + l4*(f_p1 - p1_f) >= 1,
                        2 + l4*(f_p2 - p2_f) >= 0,
                        -1 + l4*(f_p3 - p3_f) >= 0)))),
 l5 >= 0,
 Exists(l5,
        And(Implies(l5 >= 0,
                    And(1 + l5*(f_p1 - p1_f) >= 0,
                        2 + l5*(f_p2 - p2_f) >= 0,
                        -1 + l5*(f_p3 - p3_f) >= 1)))),
 l6 >= 0,
 Exists(l6,
        And(Implies(l6 >= 0,
                    And(0 + l6*(f_p1 - p1_f) >= 0,
                        0 + l6*(f_p2 - p2_f) >= 0,
                        1 + l6*(f_p3 - p3_f) >= 1)))),
 l7 >= 0,
 Exists(l7,
        And(Implies(l7 >= 0,
                    And(0 + l7*(f_p1 - p1_f) >= 0,
                        3 + l7*(f_p2 - p2_f) >= 0,
                        -1 + l7*(f_p3 - p3_f) >= 1)))),
 l8 >= 0,
 Exists(l8,
        And(Implies(l8 >= 0,
                    And(0 + l8*(f_p1 - p1_f) >= 0,
                        3 + l8*(f_p2 - p2_f) >= 2,
                        -1 + l8*(f_p3 - p3_f) >= 0)))),
 l9 >= 0,
 Exists(l9,
        And(Implies(l9 >= 0,
                    And(0 + l9*(f_p1 - p1_f) >= 0,
                        3 + l9*(f_p2 - p2_f) >= 2,
                        -1 + l9*(f_p3 - p3_f) >= 0)))),
 l10 >= 0,
 Exists(l10,
        And(Implies(l10 >= 0,
                    And(0 + l10*(f_p1 - p1_f) >= 0,
                        3 + l10*(f_p2 - p2_f) >= 0,
                        -1 + l10*(f_p3 - p3_f) >= 1)))),
 l11 >= 0,
 Exists(l11,
        And(Implies(l11 >= 0,
                    And(1 + l11*(f_p1 - p1_f) >= 1,
                        3 + l11*(f_p2 - p2_f) >= 0,
                        -2 + l11*(f_p3 - p3_f) >= 0)))),
 l12 >= 0,
 Exists(l12,
        And(Implies(l12 >= 0,
                    And(1 + l12*(f_p1 - p1_f) >= 0,
                        3 + l12*(f_p2 - p2_f) >= 0,
                        -2 + l12*(f_p3 - p3_f) >= 1)))),
 l13 >= 0,
 ForAll(l13,
        And(Implies(l13 >= 0,
                    Or(1 + l13*(f_p1 - p1_f) < 0,
                       1 + l13*(f_p2 - p2_f) < 2,
                       0 + l13*(f_p3 - p3_f) < 0)))),
 l14 >= 0,
 ForAll(l14,
        And(Implies(l14 >= 0,
                    Or(0 + l14*(f_p1 - p1_f) < 1,
                       2 + l14*(f_p2 - p2_f) < 0,
                       0 + l14*(f_p3 - p3_f) < 0)))),
 l15 >= 0,
 ForAll(l15,
        And(Implies(l15 >= 0,
                    Or(1 + l15*(f_p1 - p1_f) < 0,
                       2 + l15*(f_p2 - p2_f) < 2,
                       -1 + l15*(f_p3 - p3_f) < 0)))),
 l16 >= 0,
 ForAll(l16,
        And(Implies(l16 >= 0,
                    Or(0 + l16*(f_p1 - p1_f) < 1,
                       0 + l16*(f_p2 - p2_f) < 0,
                       1 + l16*(f_p3 - p3_f) < 0)))),
 l17 >= 0,
 ForAll(l17,
        And(Implies(l17 >= 0,
                    Or(0 + l17*(f_p1 - p1_f) < 0,
                       0 + l17*(f_p2 - p2_f) < 2,
                       1 + l17*(f_p3 - p3_f) < 0)))),
 l18 >= 0,
 ForAll(l18,
        And(Implies(l18 >= 0,
                    Or(0 + l18*(f_p1 - p1_f) < 1,
                       3 + l18*(f_p2 - p2_f) < 0,
                       -1 + l18*(f_p3 - p3_f) < 0)))),
 l19 >= 0,
 ForAll(l19,
        And(Implies(l19 >= 0,
                    Or(0 + l19*(f_p1 - p1_f) < 1,
                       3 + l19*(f_p2 - p2_f) < 0,
                       -1 + l19*(f_p3 - p3_f) < 0)))),
 l20 >= 0,
 ForAll(l20,
        And(Implies(l20 >= 0,
                    Or(1 + l20*(f_p1 - p1_f) < 0,
                       3 + l20*(f_p2 - p2_f) < 2,
                       -2 + l20*(f_p3 - p3_f) < 0))))]
sat
[p2_f = 1,
 f_p3 = 1,
 p1_f = 0,
 p3_f = 8,
 f_p1 = 0,
 f_p2 = 1,
 l20 = 0,
 l19 = 0,
 l18 = 0,
 l17 = 0,
 l16 = 0,
 l15 = 0,
 l14 = 0,
 l13 = 0,
 l12 = 0,
 l11 = 0,
 l10 = 0,
 l9 = 0,
 l8 = 0,
 l7 = 0,
 l6 = 0,
 l5 = 0,
 l4 = 0,
 l3 = 0,
 l2 = 0,
 l1 = 0,
 l0 = 0]
