[f_p1 >= 0,
 f_p2 >= 0,
 p1_f >= 0,
 p2_f >= 0,
 l0 >= 0,
 Exists(l0,
        And(Implies(l0 >= 0,
                    And(1 + l0*(f_p1 - p1_f) >= 1,
                        1 + l0*(f_p2 - p2_f) >= 1)))),
 l1 >= 0,
 Exists(l1,
        And(Implies(l1 >= 0,
                    And(1 + l1*(f_p1 - p1_f) >= 1,
                        1 + l1*(f_p2 - p2_f) >= 1)))),
 l2 >= 0,
 Exists(l2,
        And(Implies(l2 >= 0,
                    And(1 + l2*(f_p1 - p1_f) >= 0,
                        1 + l2*(f_p2 - p2_f) >= 1)))),
 l3 >= 0,
 Exists(l3,
        And(Implies(l3 >= 0,
                    And(0 + l3*(f_p1 - p1_f) >= 0,
                        1 + l3*(f_p2 - p2_f) >= 1)))),
 l4 >= 0,
 Exists(l4,
        And(Implies(l4 >= 0,
                    And(0 + l4*(f_p1 - p1_f) >= 0,
                        0 + l4*(f_p2 - p2_f) >= 1)))),
 l5 >= 0,
 Exists(l5,
        And(Implies(l5 >= 0,
                    And(1 + l5*(f_p1 - p1_f) >= 0,
                        0 + l5*(f_p2 - p2_f) >= 1)))),
 l6 >= 0,
 Exists(l6,
        And(Implies(l6 >= 0,
                    And(1 + l6*(f_p1 - p1_f) >= 1,
                        0 + l6*(f_p2 - p2_f) >= 1)))),
 l7 >= 0,
 Exists(l7,
        And(Implies(l7 >= 0,
                    And(1 + l7*(f_p1 - p1_f) >= 1,
                        0 + l7*(f_p2 - p2_f) >= 1)))),
 l8 >= 0,
 ForAll(l8,
        And(Implies(l8 >= 0,
                    Or(0 + l8*(f_p1 - p1_f) < 1,
                       1 + l8*(f_p2 - p2_f) < 1)))),
 l9 >= 0,
 ForAll(l9,
        And(Implies(l9 >= 0,
                    Or(0 + l9*(f_p1 - p1_f) < 1,
                       1 + l9*(f_p2 - p2_f) < 1)))),
 l10 >= 0,
 ForAll(l10,
        And(Implies(l10 >= 0,
                    Or(0 + l10*(f_p1 - p1_f) < 1,
                       0 + l10*(f_p2 - p2_f) < 1)))),
 l11 >= 0,
 ForAll(l11,
        And(Implies(l11 >= 0,
                    Or(0 + l11*(f_p1 - p1_f) < 1,
                       0 + l11*(f_p2 - p2_f) < 1))))]
sat
[p2_f = 1,
 p1_f = 0,
 f_p1 = 0,
 f_p2 = 0,
 l11 = 0,
 l10 = 0,
 l9 = 0,
 l8 = 0,
 l7 = 0,
 l6 = 0,
 l5 = 0,
 l4 = 0,
 l3 = 0,
 l2 = 0,
 l1 = 0,
 l0 = 0]
